0 info it worked if it ends with ok
1 verbose cli [ '/usr/bin/nodejs', '/usr/bin/npm', 'install', '-g', 'grunt-cli' ]
2 info using npm@1.3.10
3 info using node@v0.10.25
4 verbose cache add [ 'grunt-cli', null ]
5 verbose cache add name=undefined spec="grunt-cli" args=["grunt-cli",null]
6 verbose parsed url { protocol: null,
6 verbose parsed url   slashes: null,
6 verbose parsed url   auth: null,
6 verbose parsed url   host: null,
6 verbose parsed url   port: null,
6 verbose parsed url   hostname: null,
6 verbose parsed url   hash: null,
6 verbose parsed url   search: null,
6 verbose parsed url   query: null,
6 verbose parsed url   pathname: 'grunt-cli',
6 verbose parsed url   path: 'grunt-cli',
6 verbose parsed url   href: 'grunt-cli' }
7 silly lockFile 671ef8ac-grunt-cli grunt-cli
8 verbose lock grunt-cli /home/amadeus/.npm/671ef8ac-grunt-cli.lock
9 silly lockFile 671ef8ac-grunt-cli grunt-cli
10 silly lockFile 671ef8ac-grunt-cli grunt-cli
11 verbose addNamed [ 'grunt-cli', '' ]
12 verbose addNamed [ null, '*' ]
13 silly lockFile d63f3d0b-grunt-cli grunt-cli@
14 verbose lock grunt-cli@ /home/amadeus/.npm/d63f3d0b-grunt-cli.lock
15 silly addNameRange { name: 'grunt-cli', range: '*', hasData: false }
16 verbose url raw grunt-cli
17 verbose url resolving [ 'https://registry.npmjs.org/', './grunt-cli' ]
18 verbose url resolved https://registry.npmjs.org/grunt-cli
19 info trying registry request attempt 1 at 05:18:42
20 verbose etag "PMJ2R0HT9BY7HUAEU7E6BPRF"
21 http GET https://registry.npmjs.org/grunt-cli
22 http 304 https://registry.npmjs.org/grunt-cli
23 silly registry.get cb [ 304,
23 silly registry.get   { date: 'Mon, 19 Jan 2015 05:18:42 GMT',
23 silly registry.get     server: 'Apache',
23 silly registry.get     via: '1.1 varnish',
23 silly registry.get     'last-modified': 'Mon, 19 Jan 2015 05:18:42 GMT',
23 silly registry.get     'cache-control': 'max-age=60',
23 silly registry.get     etag: '"PMJ2R0HT9BY7HUAEU7E6BPRF"',
23 silly registry.get     age: '39',
23 silly registry.get     'x-served-by': 'cache-sjc3121-SJC',
23 silly registry.get     'x-cache': 'HIT',
23 silly registry.get     'x-cache-hits': '1',
23 silly registry.get     'x-timer': 'S1421644722.142534,VS0,VE0',
23 silly registry.get     vary: 'Accept',
23 silly registry.get     'content-length': '0',
23 silly registry.get     'keep-alive': 'timeout=10, max=50',
23 silly registry.get     connection: 'Keep-Alive' } ]
24 verbose etag grunt-cli from cache
25 silly addNameRange number 2 { name: 'grunt-cli', range: '*', hasData: true }
26 silly addNameRange versions [ 'grunt-cli',
26 silly addNameRange   [ '0.1.0',
26 silly addNameRange     '0.1.1',
26 silly addNameRange     '0.1.2',
26 silly addNameRange     '0.1.3',
26 silly addNameRange     '0.1.4',
26 silly addNameRange     '0.1.5',
26 silly addNameRange     '0.1.6',
26 silly addNameRange     '0.1.7',
26 silly addNameRange     '0.1.8',
26 silly addNameRange     '0.1.9',
26 silly addNameRange     '0.1.10',
26 silly addNameRange     '0.1.11',
26 silly addNameRange     '0.1.12',
26 silly addNameRange     '0.1.13' ] ]
27 verbose addNamed [ 'grunt-cli', '0.1.13' ]
28 verbose addNamed [ '0.1.13', '0.1.13' ]
29 silly lockFile 28997503-grunt-cli-0-1-13 grunt-cli@0.1.13
30 verbose lock grunt-cli@0.1.13 /home/amadeus/.npm/28997503-grunt-cli-0-1-13.lock
31 silly lockFile 28997503-grunt-cli-0-1-13 grunt-cli@0.1.13
32 silly lockFile 28997503-grunt-cli-0-1-13 grunt-cli@0.1.13
33 silly lockFile d63f3d0b-grunt-cli grunt-cli@
34 silly lockFile d63f3d0b-grunt-cli grunt-cli@
35 silly resolved [ { name: 'grunt-cli',
35 silly resolved     description: 'The grunt command line interface.',
35 silly resolved     version: '0.1.13',
35 silly resolved     author: { name: 'Grunt Team' },
35 silly resolved     homepage: 'http://gruntjs.com/',
35 silly resolved     repository: { type: 'git', url: 'git://github.com/gruntjs/grunt-cli.git' },
35 silly resolved     bugs: { url: 'http://github.com/gruntjs/grunt-cli/issues' },
35 silly resolved     licenses: [ [Object] ],
35 silly resolved     bin: { grunt: 'bin/grunt' },
35 silly resolved     engines: { node: '>= 0.8.0' },
35 silly resolved     scripts: { test: 'node bin/grunt test' },
35 silly resolved     preferGlobal: true,
35 silly resolved     dependencies: { nopt: '~1.0.10', 'findup-sync': '~0.1.0', resolve: '~0.3.1' },
35 silly resolved     devDependencies: { grunt: '~0.4.0', 'grunt-contrib-jshint': '~0.2.0' },
35 silly resolved     contributors: [ [Object], [Object], [Object], [Object] ],
35 silly resolved     readme: '# grunt-cli [![Build Status](https://secure.travis-ci.org/gruntjs/grunt-cli.png?branch=master)](http://travis-ci.org/gruntjs/grunt-cli)\n> The Grunt command line interface.\n\nInstall this globally and you\'ll have access to the `grunt` command anywhere on your system.\n\n```shell\nnpm install -g grunt-cli\n```\n\n**Note:** The job of the `grunt` command is to load and run the version of Grunt you have installed locally to your project, irrespective of its version.  Starting with Grunt v0.4, you should never install Grunt itself globally.  For more information about why, [please read this](http://blog.nodejs.org/2011/03/23/npm-1-0-global-vs-local-installation).\n\nSee the [Getting Started](http://gruntjs.com/getting-started) guide for more information.\n\n## Shell tab auto-completion\nTo enable tab auto-completion for Grunt, add one of the following lines to your `~/.bashrc` or `~/.zshrc` file.\n\n```bash\n# Bash, ~/.bashrc\neval "$(grunt --completion=bash)"\n```\n\n```bash\n# Zsh, ~/.zshrc\neval "$(grunt --completion=zsh)"\n```\n\n## Installing grunt-cli locally\nIf you prefer the idiomatic Node.js method to get started with a project (`npm install && npm test`) then install grunt-cli locally with `npm install grunt-cli --save-dev`. Then add a script to your `package.json` to run the associated grunt command: `"scripts": { "test": "grunt test" } `. Now `npm test` will use the locally installed `./node_modules/.bin/grunt` executable to run your Grunt commands.\n\nTo read more about npm scripts, please visit the npm docs: [https://npmjs.org/doc/misc/npm-scripts.html](https://npmjs.org/doc/misc/npm-scripts.html).\n',
35 silly resolved     readmeFilename: 'README.md',
35 silly resolved     _id: 'grunt-cli@0.1.13',
35 silly resolved     _from: 'grunt-cli@' } ]
36 info install grunt-cli@0.1.13 into /usr/local/lib
37 info installOne grunt-cli@0.1.13
38 info /usr/local/lib/node_modules/grunt-cli unbuild
39 verbose tar unpack /home/amadeus/.npm/grunt-cli/0.1.13/package.tgz
40 silly lockFile 466968dc-local-lib-node-modules-grunt-cli tar:///usr/local/lib/node_modules/grunt-cli
41 verbose lock tar:///usr/local/lib/node_modules/grunt-cli /home/amadeus/.npm/466968dc-local-lib-node-modules-grunt-cli.lock
42 silly lockFile 77ece09f-npm-grunt-cli-0-1-13-package-tgz tar:///home/amadeus/.npm/grunt-cli/0.1.13/package.tgz
43 verbose lock tar:///home/amadeus/.npm/grunt-cli/0.1.13/package.tgz /home/amadeus/.npm/77ece09f-npm-grunt-cli-0-1-13-package-tgz.lock
44 silly gunzTarPerm modes [ '755', '644' ]
45 error Error: EACCES, mkdir '/usr/local/lib/node_modules'
45 error  { [Error: EACCES, mkdir '/usr/local/lib/node_modules']
45 error   errno: 3,
45 error   code: 'EACCES',
45 error   path: '/usr/local/lib/node_modules',
45 error   fstream_type: 'Directory',
45 error   fstream_path: '/usr/local/lib/node_modules/grunt-cli',
45 error   fstream_class: 'DirWriter',
45 error   fstream_stack:
45 error    [ '/usr/lib/nodejs/fstream/lib/writer.js:171:23',
45 error      '/usr/lib/nodejs/mkdirp/index.js:37:53',
45 error      'Object.oncomplete (fs.js:107:15)' ] }
46 error Please try running this command again as root/Administrator.
47 error System Linux 3.13.0-40-generic
48 error command "/usr/bin/nodejs" "/usr/bin/npm" "install" "-g" "grunt-cli"
49 error cwd /home/amadeus/live/fun.amadeusamade.us
50 error node -v v0.10.25
51 error npm -v 1.3.10
52 error path /usr/local/lib/node_modules
53 error fstream_path /usr/local/lib/node_modules/grunt-cli
54 error fstream_type Directory
55 error fstream_class DirWriter
56 error code EACCES
57 error errno 3
58 error stack Error: EACCES, mkdir '/usr/local/lib/node_modules'
59 error fstream_stack /usr/lib/nodejs/fstream/lib/writer.js:171:23
59 error fstream_stack /usr/lib/nodejs/mkdirp/index.js:37:53
59 error fstream_stack Object.oncomplete (fs.js:107:15)
60 verbose exit [ 3, true ]
